# JRE version: 7.0_21-b11
# Java VM: Java HotSpot(TM) 64-Bit Server VM (23.21-b01 mixed mode windows-amd64 compressed oops)
Heap
 PSYoungGen      total 131456K, used 9502K [0x00000000f5560000, 0x0000000100000000, 0x0000000100000000)
  eden space 126208K, 7% used [0x00000000f5560000,0x00000000f5ea78f0,0x00000000fd0a0000)
  from space 5248K, 0% used [0x00000000fd0a0000,0x00000000fd0a0000,0x00000000fd5c0000)
  to   space 43264K, 0% used [0x00000000fd5c0000,0x00000000fd5c0000,0x0000000100000000)
 ParOldGen       total 84416K, used 84410K [0x00000000e0000000, 0x00000000e5270000, 0x00000000f5560000)
  object space 84416K, 99% used [0x00000000e0000000,0x00000000e526ea20,0x00000000e5270000)
 PSPermGen       total 38720K, used 22133K [0x00000000dae00000, 0x00000000dd3d0000, 0x00000000e0000000)
  object space 38720K, 57% used [0x00000000dae00000,0x00000000dc39d7f0,0x00000000dd3d0000)
GC Heap History (10 events):
Event: 5.557 GC heap before
{Heap before GC invocations=6 (full 1):
 PSYoungGen      total 131456K, used 5231K [0x00000000f5560000, 0x0000000100000000, 0x0000000100000000)
  eden space 126208K, 0% used [0x00000000f5560000,0x00000000f5560000,0x00000000fd0a0000)
  from space 5248K, 99% used [0x00000000fd0a0000,0x00000000fd5bbda8,0x00000000fd5c0000)
  to   space 43264K, 0% used [0x00000000fd5c0000,0x00000000fd5c0000,0x0000000100000000)
 ParOldGen       total 84416K, used 84382K [0x00000000e0000000, 0x00000000e5270000, 0x00000000f5560000)
  object space 84416K, 99% used [0x00000000e0000000,0x00000000e5267a98,0x00000000e5270000)
 PSPermGen       total 21248K, used 16346K [0x00000000dae00000, 0x00000000dc2c0000, 0x00000000e0000000)
  object space 21248K, 76% used [0x00000000dae00000,0x00000000dbdf6978,0x00000000dc2c0000)
Event: 6.014 GC heap after
Heap after GC invocations=6 (full 1):
 PSYoungGen      total 131456K, used 0K [0x00000000f5560000, 0x0000000100000000, 0x0000000100000000)
  eden space 126208K, 0% used [0x00000000f5560000,0x00000000f5560000,0x00000000fd0a0000)
  from space 5248K, 0% used [0x00000000fd0a0000,0x00000000fd0a0000,0x00000000fd5c0000)
  to   space 43264K, 0% used [0x00000000fd5c0000,0x00000000fd5c0000,0x0000000100000000)
 ParOldGen       total 84416K, used 63038K [0x00000000e0000000, 0x00000000e5270000, 0x00000000f5560000)
  object space 84416K, 74% used [0x00000000e0000000,0x00000000e3d8f8e0,0x00000000e5270000)
 PSPermGen       total 33216K, used 16338K [0x00000000dae00000, 0x00000000dce70000, 0x00000000e0000000)
  object space 33216K, 49% used [0x00000000dae00000,0x00000000dbdf48a0,0x00000000dce70000)
}
Event: 9.811 GC heap before
{Heap before GC invocations=7 (full 2):
 PSYoungGen      total 131456K, used 126208K [0x00000000f5560000, 0x0000000100000000, 0x0000000100000000)
  eden space 126208K, 100% used [0x00000000f5560000,0x00000000fd0a0000,0x00000000fd0a0000)
  from space 5248K, 0% used [0x00000000fd0a0000,0x00000000fd0a0000,0x00000000fd5c0000)
  to   space 43264K, 0% used [0x00000000fd5c0000,0x00000000fd5c0000,0x0000000100000000)
 ParOldGen       total 84416K, used 63038K [0x00000000e0000000, 0x00000000e5270000, 0x00000000f5560000)
  object space 84416K, 74% used [0x00000000e0000000,0x00000000e3d8f8e0,0x00000000e5270000)
 PSPermGen       total 33216K, used 17922K [0x00000000dae00000, 0x00000000dce70000, 0x00000000e0000000)
  object space 33216K, 53% used [0x00000000dae00000,0x00000000dbf80a88,0x00000000dce70000)
Event: 10.155 GC heap after
Heap after GC invocations=7 (full 2):
 PSYoungGen      total 131456K, used 11580K [0x00000000f5560000, 0x0000000100000000, 0x0000000100000000)
  eden space 126208K, 9% used [0x00000000f5560000,0x00000000f60af2e0,0x00000000fd0a0000)
  from space 5248K, 0% used [0x00000000fd0a0000,0x00000000fd0a0000,0x00000000fd5c0000)
  to   space 43264K, 0% used [0x00000000fd5c0000,0x00000000fd5c0000,0x0000000100000000)
 ParOldGen       total 84416K, used 84414K [0x00000000e0000000, 0x00000000e5270000, 0x00000000f5560000)
  object space 84416K, 99% used [0x00000000e0000000,0x00000000e526fb58,0x00000000e5270000)
 PSPermGen       total 38016K, used 17920K [0x00000000dae00000, 0x00000000dd320000, 0x00000000e0000000)
  object space 38016K, 47% used [0x00000000dae00000,0x00000000dbf802b8,0x00000000dd320000)
}
Event: 12.143 GC heap before
{Heap before GC invocations=8 (full 3):
 PSYoungGen      total 131456K, used 126208K [0x00000000f5560000, 0x0000000100000000, 0x0000000100000000)
  eden space 126208K, 100% used [0x00000000f5560000,0x00000000fd0a0000,0x00000000fd0a0000)
  from space 5248K, 0% used [0x00000000fd0a0000,0x00000000fd0a0000,0x00000000fd5c0000)
  to   space 43264K, 0% used [0x00000000fd5c0000,0x00000000fd5c0000,0x0000000100000000)
 ParOldGen       total 84416K, used 84414K [0x00000000e0000000, 0x00000000e5270000, 0x00000000f5560000)
  object space 84416K, 99% used [0x00000000e0000000,0x00000000e526fb58,0x00000000e5270000)
 PSPermGen       total 38016K, used 19234K [0x00000000dae00000, 0x00000000dd320000, 0x00000000e0000000)
  object space 38016K, 50% used [0x00000000dae00000,0x00000000dc0c8840,0x00000000dd320000)
Event: 12.532 GC heap after
Heap after GC invocations=8 (full 3):
 PSYoungGen      total 131456K, used 0K [0x00000000f5560000, 0x0000000100000000, 0x0000000100000000)
  eden space 126208K, 0% used [0x00000000f5560000,0x00000000f5560000,0x00000000fd0a0000)
  from space 5248K, 0% used [0x00000000fd0a0000,0x00000000fd0a0000,0x00000000fd5c0000)
  to   space 43264K, 0% used [0x00000000fd5c0000,0x00000000fd5c0000,0x0000000100000000)
 ParOldGen       total 84416K, used 76350K [0x00000000e0000000, 0x00000000e5270000, 0x00000000f5560000)
  object space 84416K, 90% used [0x00000000e0000000,0x00000000e4a8fb98,0x00000000e5270000)
 PSPermGen       total 38720K, used 19231K [0x00000000dae00000, 0x00000000dd3d0000, 0x00000000e0000000)
  object space 38720K, 49% used [0x00000000dae00000,0x00000000dc0c7fc0,0x00000000dd3d0000)
}
Event: 14.028 GC heap before
{Heap before GC invocations=9 (full 4):
 PSYoungGen      total 131456K, used 126208K [0x00000000f5560000, 0x0000000100000000, 0x0000000100000000)
  eden space 126208K, 100% used [0x00000000f5560000,0x00000000fd0a0000,0x00000000fd0a0000)
  from space 5248K, 0% used [0x00000000fd0a0000,0x00000000fd0a0000,0x00000000fd5c0000)
  to   space 43264K, 0% used [0x00000000fd5c0000,0x00000000fd5c0000,0x0000000100000000)
 ParOldGen       total 84416K, used 76350K [0x00000000e0000000, 0x00000000e5270000, 0x00000000f5560000)
  object space 84416K, 90% used [0x00000000e0000000,0x00000000e4a8fb98,0x00000000e5270000)
 PSPermGen       total 38720K, used 21249K [0x00000000dae00000, 0x00000000dd3d0000, 0x00000000e0000000)
  object space 38720K, 54% used [0x00000000dae00000,0x00000000dc2c0590,0x00000000dd3d0000)
Event: 14.303 GC heap after
Heap after GC invocations=9 (full 4):
 PSYoungGen      total 131456K, used 0K [0x00000000f5560000, 0x0000000100000000, 0x0000000100000000)
  eden space 126208K, 0% used [0x00000000f5560000,0x00000000f5560000,0x00000000fd0a0000)
  from space 5248K, 0% used [0x00000000fd0a0000,0x00000000fd0a0000,0x00000000fd5c0000)
  to   space 43264K, 0% used [0x00000000fd5c0000,0x00000000fd5c0000,0x0000000100000000)
 ParOldGen       total 84416K, used 83582K [0x00000000e0000000, 0x00000000e5270000, 0x00000000f5560000)
  object space 84416K, 99% used [0x00000000e0000000,0x00000000e519f8a0,0x00000000e5270000)
 PSPermGen       total 38720K, used 21247K [0x00000000dae00000, 0x00000000dd3d0000, 0x00000000e0000000)
  object space 38720K, 54% used [0x00000000dae00000,0x00000000dc2bfd80,0x00000000dd3d0000)
}
Event: 17.400 GC heap before
{Heap before GC invocations=10 (full 5):
 PSYoungGen      total 131456K, used 126208K [0x00000000f5560000, 0x0000000100000000, 0x0000000100000000)
  eden space 126208K, 100% used [0x00000000f5560000,0x00000000fd0a0000,0x00000000fd0a0000)
  from space 5248K, 0% used [0x00000000fd0a0000,0x00000000fd0a0000,0x00000000fd5c0000)
  to   space 43264K, 0% used [0x00000000fd5c0000,0x00000000fd5c0000,0x0000000100000000)
 ParOldGen       total 84416K, used 83582K [0x00000000e0000000, 0x00000000e5270000, 0x00000000f5560000)
  object space 84416K, 99% used [0x00000000e0000000,0x00000000e519f8a0,0x00000000e5270000)
 PSPermGen       total 38720K, used 22134K [0x00000000dae00000, 0x00000000dd3d0000, 0x00000000e0000000)
  object space 38720K, 57% used [0x00000000dae00000,0x00000000dc39dac0,0x00000000dd3d0000)
Event: 17.882 GC heap after
Heap after GC invocations=10 (full 5):
 PSYoungGen      total 131456K, used 161K [0x00000000f5560000, 0x0000000100000000, 0x0000000100000000)
  eden space 126208K, 0% used [0x00000000f5560000,0x00000000f5588798,0x00000000fd0a0000)
  from space 5248K, 0% used [0x00000000fd0a0000,0x00000000fd0a0000,0x00000000fd5c0000)
  to   space 43264K, 0% used [0x00000000fd5c0000,0x00000000fd5c0000,0x0000000100000000)
 ParOldGen       total 84416K, used 84410K [0x00000000e0000000, 0x00000000e5270000, 0x00000000f5560000)
  object space 84416K, 99% used [0x00000000e0000000,0x00000000e526ea20,0x00000000e5270000)
 PSPermGen       total 38720K, used 22131K [0x00000000dae00000, 0x00000000dd3d0000, 0x00000000e0000000)
  object space 38720K, 57% used [0x00000000dae00000,0x00000000dc39cd40,0x00000000dd3d0000)
}

